2025-07-06 02:19:45,209 - intratech_cybersecurity - INFO - info:109 - Initializing Intratech Cybersecurity Suite Agents...
2025-07-06 02:19:58,547 - intratech_cybersecurity - INFO - info:109 - Initializing Intratech Cybersecurity Suite Agents...
2025-07-06 02:21:54,889 - intratech_cybersecurity - INFO - info:109 - Initializing Intratech Cybersecurity Suite Agents...
2025-07-06 02:21:55,175 - agent_coordinator - INFO - info:109 - Agent Coordinator initialized successfully
2025-07-06 02:21:55,177 - agent_coordinator - INFO - info:109 - Coordinator Agent initialized with agent routing capabilities
2025-07-06 02:21:55,210 - agent_threat_intelligence_agent - INFO - info:109 - Agent Threat Intelligence Agent initialized successfully
2025-07-06 02:21:55,212 - agent_threat_intelligence_agent - INFO - info:109 - Threat Intelligence Agent initialized
2025-07-06 02:21:55,244 - agent_vulnerability_scanner_agent - INFO - info:109 - Agent Vulnerability Scanner Agent initialized successfully
2025-07-06 02:21:55,247 - agent_vulnerability_scanner_agent - INFO - info:109 - Vulnerability Scanner Agent initialized
2025-07-06 02:21:55,277 - agent_penetration_testing_agent - INFO - info:109 - Agent Penetration Testing Agent initialized successfully
2025-07-06 02:21:55,309 - agent_incident_response_agent - INFO - info:109 - Agent Incident Response Agent initialized successfully
2025-07-06 02:21:55,311 - agent_incident_response_agent - INFO - info:109 - Incident Response Agent initialized
2025-07-06 02:21:55,344 - agent_osint_agent - INFO - info:109 - Agent OSINT Agent initialized successfully
2025-07-06 02:21:55,379 - agent_malware_analysis_agent - INFO - info:109 - Agent Malware Analysis Agent initialized successfully
2025-07-06 02:21:55,412 - agent_network_security_agent - INFO - info:109 - Agent Network Security Agent initialized successfully
2025-07-06 02:21:55,441 - agent_compliance_agent - INFO - info:109 - Agent Compliance Agent initialized successfully
2025-07-06 02:21:55,471 - agent_forensics_agent - INFO - info:109 - Agent Forensics Agent initialized successfully
2025-07-06 02:21:55,473 - agent_coordinator - INFO - info:109 - Starting autonomous monitoring for Coordinator
2025-07-06 02:21:55,474 - agent_threat_intelligence_agent - INFO - info:109 - Starting autonomous monitoring for Threat Intelligence Agent
2025-07-06 02:21:55,474 - agent_vulnerability_scanner_agent - INFO - info:109 - Starting autonomous monitoring for Vulnerability Scanner Agent
2025-07-06 02:21:55,477 - agent_penetration_testing_agent - INFO - info:109 - Starting autonomous monitoring for Penetration Testing Agent
2025-07-06 02:21:55,477 - agent_incident_response_agent - INFO - info:109 - Starting autonomous monitoring for Incident Response Agent
2025-07-06 02:21:55,478 - agent_osint_agent - INFO - info:109 - Starting autonomous monitoring for OSINT Agent
2025-07-06 02:21:55,484 - agent_malware_analysis_agent - INFO - info:109 - Starting autonomous monitoring for Malware Analysis Agent
2025-07-06 02:21:55,486 - agent_network_security_agent - INFO - info:109 - Starting autonomous monitoring for Network Security Agent
2025-07-06 02:21:55,488 - agent_forensics_agent - INFO - info:109 - Starting autonomous monitoring for Forensics Agent
2025-07-06 02:21:55,488 - agent_compliance_agent - INFO - info:109 - Starting autonomous monitoring for Compliance Agent
2025-07-06 02:21:55,489 - intratech_cybersecurity - INFO - info:109 - Initialized 10 cybersecurity agents
2025-07-06 02:21:57,446 - intratech_cybersecurity - INFO - info:109 - Initializing Intratech Cybersecurity Suite Agents...
2025-07-06 02:21:57,694 - agent_coordinator - INFO - info:109 - Agent Coordinator initialized successfully
2025-07-06 02:21:57,696 - agent_coordinator - INFO - info:109 - Coordinator Agent initialized with agent routing capabilities
2025-07-06 02:21:57,732 - agent_threat_intelligence_agent - INFO - info:109 - Agent Threat Intelligence Agent initialized successfully
2025-07-06 02:21:57,734 - agent_threat_intelligence_agent - INFO - info:109 - Threat Intelligence Agent initialized
2025-07-06 02:21:57,782 - agent_vulnerability_scanner_agent - INFO - info:109 - Agent Vulnerability Scanner Agent initialized successfully
2025-07-06 02:21:57,787 - agent_vulnerability_scanner_agent - INFO - info:109 - Vulnerability Scanner Agent initialized
2025-07-06 02:21:57,857 - agent_penetration_testing_agent - INFO - info:109 - Agent Penetration Testing Agent initialized successfully
2025-07-06 02:21:57,899 - agent_incident_response_agent - INFO - info:109 - Agent Incident Response Agent initialized successfully
2025-07-06 02:21:57,901 - agent_incident_response_agent - INFO - info:109 - Incident Response Agent initialized
2025-07-06 02:21:57,936 - agent_osint_agent - INFO - info:109 - Agent OSINT Agent initialized successfully
2025-07-06 02:21:57,965 - agent_malware_analysis_agent - INFO - info:109 - Agent Malware Analysis Agent initialized successfully
2025-07-06 02:21:57,996 - agent_network_security_agent - INFO - info:109 - Agent Network Security Agent initialized successfully
2025-07-06 02:21:58,037 - agent_compliance_agent - INFO - info:109 - Agent Compliance Agent initialized successfully
2025-07-06 02:21:58,070 - agent_forensics_agent - INFO - info:109 - Agent Forensics Agent initialized successfully
2025-07-06 02:21:58,071 - agent_coordinator - INFO - info:109 - Starting autonomous monitoring for Coordinator
2025-07-06 02:21:58,073 - agent_threat_intelligence_agent - INFO - info:109 - Starting autonomous monitoring for Threat Intelligence Agent
2025-07-06 02:21:58,074 - agent_vulnerability_scanner_agent - INFO - info:109 - Starting autonomous monitoring for Vulnerability Scanner Agent
2025-07-06 02:21:58,075 - agent_penetration_testing_agent - INFO - info:109 - Starting autonomous monitoring for Penetration Testing Agent
2025-07-06 02:21:58,078 - agent_incident_response_agent - INFO - info:109 - Starting autonomous monitoring for Incident Response Agent
2025-07-06 02:21:58,080 - agent_osint_agent - INFO - info:109 - Starting autonomous monitoring for OSINT Agent
2025-07-06 02:21:58,081 - agent_malware_analysis_agent - INFO - info:109 - Starting autonomous monitoring for Malware Analysis Agent
2025-07-06 02:21:58,085 - agent_network_security_agent - INFO - info:109 - Starting autonomous monitoring for Network Security Agent
2025-07-06 02:21:58,087 - agent_forensics_agent - INFO - info:109 - Starting autonomous monitoring for Forensics Agent
2025-07-06 02:21:58,087 - intratech_cybersecurity - INFO - info:109 - Initialized 10 cybersecurity agents
2025-07-06 02:21:58,086 - agent_compliance_agent - INFO - info:109 - Starting autonomous monitoring for Compliance Agent
2025-07-06 02:23:40,427 - intratech_cybersecurity - INFO - info:109 - Initializing Intratech Cybersecurity Suite Agents...
2025-07-06 02:23:40,616 - agent_coordinator - INFO - info:109 - Agent Coordinator initialized successfully
2025-07-06 02:23:40,617 - agent_coordinator - INFO - info:109 - Coordinator Agent initialized with agent routing capabilities
2025-07-06 02:23:40,637 - agent_threat_intelligence_agent - INFO - info:109 - Agent Threat Intelligence Agent initialized successfully
2025-07-06 02:23:40,638 - agent_threat_intelligence_agent - INFO - info:109 - Threat Intelligence Agent initialized
2025-07-06 02:23:40,657 - agent_vulnerability_scanner_agent - INFO - info:109 - Agent Vulnerability Scanner Agent initialized successfully
2025-07-06 02:23:40,658 - agent_vulnerability_scanner_agent - INFO - info:109 - Vulnerability Scanner Agent initialized
2025-07-06 02:23:40,681 - agent_penetration_testing_agent - INFO - info:109 - Agent Penetration Testing Agent initialized successfully
2025-07-06 02:23:40,704 - agent_incident_response_agent - INFO - info:109 - Agent Incident Response Agent initialized successfully
2025-07-06 02:23:40,705 - agent_incident_response_agent - INFO - info:109 - Incident Response Agent initialized
2025-07-06 02:23:40,730 - agent_osint_agent - INFO - info:109 - Agent OSINT Agent initialized successfully
2025-07-06 02:23:40,749 - agent_malware_analysis_agent - INFO - info:109 - Agent Malware Analysis Agent initialized successfully
2025-07-06 02:23:40,774 - agent_network_security_agent - INFO - info:109 - Agent Network Security Agent initialized successfully
2025-07-06 02:23:40,793 - agent_compliance_agent - INFO - info:109 - Agent Compliance Agent initialized successfully
2025-07-06 02:23:40,812 - agent_forensics_agent - INFO - info:109 - Agent Forensics Agent initialized successfully
2025-07-06 02:23:40,813 - agent_coordinator - INFO - info:109 - Starting autonomous monitoring for Coordinator
2025-07-06 02:23:40,814 - agent_threat_intelligence_agent - INFO - info:109 - Starting autonomous monitoring for Threat Intelligence Agent
2025-07-06 02:23:40,815 - agent_vulnerability_scanner_agent - INFO - info:109 - Starting autonomous monitoring for Vulnerability Scanner Agent
2025-07-06 02:23:40,817 - agent_penetration_testing_agent - INFO - info:109 - Starting autonomous monitoring for Penetration Testing Agent
2025-07-06 02:23:40,818 - agent_incident_response_agent - INFO - info:109 - Starting autonomous monitoring for Incident Response Agent
2025-07-06 02:23:40,820 - agent_osint_agent - INFO - info:109 - Starting autonomous monitoring for OSINT Agent
2025-07-06 02:23:40,821 - agent_malware_analysis_agent - INFO - info:109 - Starting autonomous monitoring for Malware Analysis Agent
2025-07-06 02:23:40,822 - agent_network_security_agent - INFO - info:109 - Starting autonomous monitoring for Network Security Agent
2025-07-06 02:23:40,822 - agent_compliance_agent - INFO - info:109 - Starting autonomous monitoring for Compliance Agent
2025-07-06 02:23:40,825 - agent_forensics_agent - INFO - info:109 - Starting autonomous monitoring for Forensics Agent
2025-07-06 02:23:40,826 - intratech_cybersecurity - INFO - info:109 - Initialized 10 cybersecurity agents
2025-07-06 02:23:42,180 - intratech_cybersecurity - INFO - info:109 - Initializing Intratech Cybersecurity Suite Agents...
2025-07-06 02:23:42,347 - agent_coordinator - INFO - info:109 - Agent Coordinator initialized successfully
2025-07-06 02:23:42,349 - agent_coordinator - INFO - info:109 - Coordinator Agent initialized with agent routing capabilities
2025-07-06 02:23:42,368 - agent_threat_intelligence_agent - INFO - info:109 - Agent Threat Intelligence Agent initialized successfully
2025-07-06 02:23:42,369 - agent_threat_intelligence_agent - INFO - info:109 - Threat Intelligence Agent initialized
2025-07-06 02:23:42,389 - agent_vulnerability_scanner_agent - INFO - info:109 - Agent Vulnerability Scanner Agent initialized successfully
2025-07-06 02:23:42,390 - agent_vulnerability_scanner_agent - INFO - info:109 - Vulnerability Scanner Agent initialized
2025-07-06 02:23:42,409 - agent_penetration_testing_agent - INFO - info:109 - Agent Penetration Testing Agent initialized successfully
2025-07-06 02:23:42,428 - agent_incident_response_agent - INFO - info:109 - Agent Incident Response Agent initialized successfully
2025-07-06 02:23:42,429 - agent_incident_response_agent - INFO - info:109 - Incident Response Agent initialized
2025-07-06 02:23:42,448 - agent_osint_agent - INFO - info:109 - Agent OSINT Agent initialized successfully
2025-07-06 02:23:42,468 - agent_malware_analysis_agent - INFO - info:109 - Agent Malware Analysis Agent initialized successfully
2025-07-06 02:23:42,487 - agent_network_security_agent - INFO - info:109 - Agent Network Security Agent initialized successfully
2025-07-06 02:23:42,506 - agent_compliance_agent - INFO - info:109 - Agent Compliance Agent initialized successfully
2025-07-06 02:23:42,526 - agent_forensics_agent - INFO - info:109 - Agent Forensics Agent initialized successfully
2025-07-06 02:23:42,528 - agent_coordinator - INFO - info:109 - Starting autonomous monitoring for Coordinator
2025-07-06 02:23:42,529 - agent_threat_intelligence_agent - INFO - info:109 - Starting autonomous monitoring for Threat Intelligence Agent
2025-07-06 02:23:42,529 - agent_vulnerability_scanner_agent - INFO - info:109 - Starting autonomous monitoring for Vulnerability Scanner Agent
2025-07-06 02:23:42,530 - agent_penetration_testing_agent - INFO - info:109 - Starting autonomous monitoring for Penetration Testing Agent
2025-07-06 02:23:42,534 - agent_incident_response_agent - INFO - info:109 - Starting autonomous monitoring for Incident Response Agent
2025-07-06 02:23:42,535 - agent_osint_agent - INFO - info:109 - Starting autonomous monitoring for OSINT Agent
2025-07-06 02:23:42,535 - agent_malware_analysis_agent - INFO - info:109 - Starting autonomous monitoring for Malware Analysis Agent
2025-07-06 02:23:42,537 - agent_network_security_agent - INFO - info:109 - Starting autonomous monitoring for Network Security Agent
2025-07-06 02:23:42,537 - agent_compliance_agent - INFO - info:109 - Starting autonomous monitoring for Compliance Agent
2025-07-06 02:23:42,540 - agent_forensics_agent - INFO - info:109 - Starting autonomous monitoring for Forensics Agent
2025-07-06 02:23:42,541 - intratech_cybersecurity - INFO - info:109 - Initialized 10 cybersecurity agents
2025-07-06 02:38:14,445 - intratech_cybersecurity - INFO - info:109 - Initializing Intratech Cybersecurity Suite Agents...
2025-07-06 02:38:14,609 - agent_coordinator - INFO - info:109 - Agent Coordinator initialized successfully
2025-07-06 02:38:14,610 - agent_coordinator - INFO - info:109 - Coordinator Agent initialized with agent routing capabilities
2025-07-06 02:38:14,629 - agent_threat_intelligence_agent - INFO - info:109 - Agent Threat Intelligence Agent initialized successfully
2025-07-06 02:38:14,630 - agent_threat_intelligence_agent - INFO - info:109 - Threat Intelligence Agent initialized
2025-07-06 02:38:14,649 - agent_vulnerability_scanner_agent - INFO - info:109 - Agent Vulnerability Scanner Agent initialized successfully
2025-07-06 02:38:14,650 - agent_vulnerability_scanner_agent - INFO - info:109 - Vulnerability Scanner Agent initialized
2025-07-06 02:38:14,669 - agent_penetration_testing_agent - INFO - info:109 - Agent Penetration Testing Agent initialized successfully
2025-07-06 02:38:14,688 - agent_incident_response_agent - INFO - info:109 - Agent Incident Response Agent initialized successfully
2025-07-06 02:38:14,689 - agent_incident_response_agent - INFO - info:109 - Incident Response Agent initialized
2025-07-06 02:38:14,709 - agent_osint_agent - INFO - info:109 - Agent OSINT Agent initialized successfully
2025-07-06 02:38:14,728 - agent_malware_analysis_agent - INFO - info:109 - Agent Malware Analysis Agent initialized successfully
2025-07-06 02:38:14,747 - agent_network_security_agent - INFO - info:109 - Agent Network Security Agent initialized successfully
2025-07-06 02:38:14,765 - agent_compliance_agent - INFO - info:109 - Agent Compliance Agent initialized successfully
2025-07-06 02:38:14,784 - agent_forensics_agent - INFO - info:109 - Agent Forensics Agent initialized successfully
2025-07-06 02:38:14,785 - agent_coordinator - INFO - info:109 - Starting autonomous monitoring for Coordinator
2025-07-06 02:38:14,787 - agent_threat_intelligence_agent - INFO - info:109 - Starting autonomous monitoring for Threat Intelligence Agent
2025-07-06 02:38:14,787 - agent_vulnerability_scanner_agent - INFO - info:109 - Starting autonomous monitoring for Vulnerability Scanner Agent
2025-07-06 02:38:14,789 - agent_penetration_testing_agent - INFO - info:109 - Starting autonomous monitoring for Penetration Testing Agent
2025-07-06 02:38:14,789 - agent_incident_response_agent - INFO - info:109 - Starting autonomous monitoring for Incident Response Agent
2025-07-06 02:38:14,791 - agent_osint_agent - INFO - info:109 - Starting autonomous monitoring for OSINT Agent
2025-07-06 02:38:14,792 - agent_malware_analysis_agent - INFO - info:109 - Starting autonomous monitoring for Malware Analysis Agent
2025-07-06 02:38:14,793 - agent_network_security_agent - INFO - info:109 - Starting autonomous monitoring for Network Security Agent
2025-07-06 02:38:14,795 - agent_compliance_agent - INFO - info:109 - Starting autonomous monitoring for Compliance Agent
2025-07-06 02:38:14,796 - agent_forensics_agent - INFO - info:109 - Starting autonomous monitoring for Forensics Agent
2025-07-06 02:38:14,796 - intratech_cybersecurity - INFO - info:109 - Initialized 10 cybersecurity agents
2025-07-06 02:38:16,133 - intratech_cybersecurity - INFO - info:109 - Initializing Intratech Cybersecurity Suite Agents...
2025-07-06 02:38:16,296 - agent_coordinator - INFO - info:109 - Agent Coordinator initialized successfully
2025-07-06 02:38:16,297 - agent_coordinator - INFO - info:109 - Coordinator Agent initialized with agent routing capabilities
2025-07-06 02:38:16,316 - agent_threat_intelligence_agent - INFO - info:109 - Agent Threat Intelligence Agent initialized successfully
2025-07-06 02:38:16,317 - agent_threat_intelligence_agent - INFO - info:109 - Threat Intelligence Agent initialized
2025-07-06 02:38:16,338 - agent_vulnerability_scanner_agent - INFO - info:109 - Agent Vulnerability Scanner Agent initialized successfully
2025-07-06 02:38:16,339 - agent_vulnerability_scanner_agent - INFO - info:109 - Vulnerability Scanner Agent initialized
2025-07-06 02:38:16,358 - agent_penetration_testing_agent - INFO - info:109 - Agent Penetration Testing Agent initialized successfully
2025-07-06 02:38:16,377 - agent_incident_response_agent - INFO - info:109 - Agent Incident Response Agent initialized successfully
2025-07-06 02:38:16,378 - agent_incident_response_agent - INFO - info:109 - Incident Response Agent initialized
2025-07-06 02:38:16,396 - agent_osint_agent - INFO - info:109 - Agent OSINT Agent initialized successfully
2025-07-06 02:38:16,414 - agent_malware_analysis_agent - INFO - info:109 - Agent Malware Analysis Agent initialized successfully
2025-07-06 02:38:16,433 - agent_network_security_agent - INFO - info:109 - Agent Network Security Agent initialized successfully
2025-07-06 02:38:16,452 - agent_compliance_agent - INFO - info:109 - Agent Compliance Agent initialized successfully
2025-07-06 02:38:16,470 - agent_forensics_agent - INFO - info:109 - Agent Forensics Agent initialized successfully
2025-07-06 02:38:16,472 - agent_coordinator - INFO - info:109 - Starting autonomous monitoring for Coordinator
2025-07-06 02:38:16,473 - agent_threat_intelligence_agent - INFO - info:109 - Starting autonomous monitoring for Threat Intelligence Agent
2025-07-06 02:38:16,473 - agent_vulnerability_scanner_agent - INFO - info:109 - Starting autonomous monitoring for Vulnerability Scanner Agent
2025-07-06 02:38:16,475 - agent_penetration_testing_agent - INFO - info:109 - Starting autonomous monitoring for Penetration Testing Agent
2025-07-06 02:38:16,477 - agent_incident_response_agent - INFO - info:109 - Starting autonomous monitoring for Incident Response Agent
2025-07-06 02:38:16,478 - agent_osint_agent - INFO - info:109 - Starting autonomous monitoring for OSINT Agent
2025-07-06 02:38:16,479 - agent_malware_analysis_agent - INFO - info:109 - Starting autonomous monitoring for Malware Analysis Agent
2025-07-06 02:38:16,480 - agent_network_security_agent - INFO - info:109 - Starting autonomous monitoring for Network Security Agent
2025-07-06 02:38:16,482 - agent_compliance_agent - INFO - info:109 - Starting autonomous monitoring for Compliance Agent
2025-07-06 02:38:16,483 - agent_forensics_agent - INFO - info:109 - Starting autonomous monitoring for Forensics Agent
2025-07-06 02:38:16,483 - intratech_cybersecurity - INFO - info:109 - Initialized 10 cybersecurity agents
2025-07-06 03:12:36,841 - intratech_cybersecurity - INFO - info:109 - Initializing Intratech Cybersecurity Suite Agents...
2025-07-06 03:12:37,117 - agent_coordinator - INFO - info:109 - Agent Coordinator initialized successfully
2025-07-06 03:12:37,119 - agent_coordinator - INFO - info:109 - Coordinator Agent initialized with agent routing capabilities
2025-07-06 03:12:37,130 - agent_threat_intelligence_agent - INFO - info:109 - Agent Threat Intelligence Agent initialized successfully
2025-07-06 03:12:37,132 - agent_threat_intelligence_agent - INFO - info:109 - Threat Intelligence Agent initialized
2025-07-06 03:12:37,142 - agent_vulnerability_scanner_agent - INFO - info:109 - Agent Vulnerability Scanner Agent initialized successfully
2025-07-06 03:12:37,144 - agent_vulnerability_scanner_agent - INFO - info:109 - Vulnerability Scanner Agent initialized
2025-07-06 03:12:37,153 - agent_penetration_testing_agent - INFO - info:109 - Agent Penetration Testing Agent initialized successfully
2025-07-06 03:12:37,168 - agent_incident_response_agent - INFO - info:109 - Agent Incident Response Agent initialized successfully
2025-07-06 03:12:37,169 - agent_incident_response_agent - INFO - info:109 - Incident Response Agent initialized
2025-07-06 03:12:37,176 - agent_osint_agent - INFO - info:109 - Agent OSINT Agent initialized successfully
2025-07-06 03:12:37,186 - agent_malware_analysis_agent - INFO - info:109 - Agent Malware Analysis Agent initialized successfully
2025-07-06 03:12:37,195 - agent_network_security_agent - INFO - info:109 - Agent Network Security Agent initialized successfully
2025-07-06 03:12:37,206 - agent_compliance_agent - INFO - info:109 - Agent Compliance Agent initialized successfully
2025-07-06 03:12:37,213 - agent_forensics_agent - INFO - info:109 - Agent Forensics Agent initialized successfully
2025-07-06 03:12:37,215 - agent_coordinator - INFO - info:109 - Starting autonomous monitoring for Coordinator
2025-07-06 03:12:37,216 - agent_threat_intelligence_agent - INFO - info:109 - Starting autonomous monitoring for Threat Intelligence Agent
2025-07-06 03:12:37,217 - agent_vulnerability_scanner_agent - INFO - info:109 - Starting autonomous monitoring for Vulnerability Scanner Agent
2025-07-06 03:12:37,221 - agent_penetration_testing_agent - INFO - info:109 - Starting autonomous monitoring for Penetration Testing Agent
2025-07-06 03:12:37,222 - agent_incident_response_agent - INFO - info:109 - Starting autonomous monitoring for Incident Response Agent
2025-07-06 03:12:37,226 - agent_osint_agent - INFO - info:109 - Starting autonomous monitoring for OSINT Agent
2025-07-06 03:12:37,227 - agent_malware_analysis_agent - INFO - info:109 - Starting autonomous monitoring for Malware Analysis Agent
2025-07-06 03:12:37,231 - agent_network_security_agent - INFO - info:109 - Starting autonomous monitoring for Network Security Agent
2025-07-06 03:12:37,232 - agent_compliance_agent - INFO - info:109 - Starting autonomous monitoring for Compliance Agent
2025-07-06 03:12:37,233 - agent_forensics_agent - INFO - info:109 - Starting autonomous monitoring for Forensics Agent
2025-07-06 03:12:37,235 - intratech_cybersecurity - INFO - info:109 - Initialized 10 cybersecurity agents
2025-07-06 03:12:39,306 - intratech_cybersecurity - INFO - info:109 - Initializing Intratech Cybersecurity Suite Agents...
2025-07-06 03:12:39,560 - agent_coordinator - INFO - info:109 - Agent Coordinator initialized successfully
2025-07-06 03:12:39,562 - agent_coordinator - INFO - info:109 - Coordinator Agent initialized with agent routing capabilities
2025-07-06 03:12:39,574 - agent_threat_intelligence_agent - INFO - info:109 - Agent Threat Intelligence Agent initialized successfully
2025-07-06 03:12:39,575 - agent_threat_intelligence_agent - INFO - info:109 - Threat Intelligence Agent initialized
2025-07-06 03:12:39,584 - agent_vulnerability_scanner_agent - INFO - info:109 - Agent Vulnerability Scanner Agent initialized successfully
2025-07-06 03:12:39,585 - agent_vulnerability_scanner_agent - INFO - info:109 - Vulnerability Scanner Agent initialized
2025-07-06 03:12:39,593 - agent_penetration_testing_agent - INFO - info:109 - Agent Penetration Testing Agent initialized successfully
2025-07-06 03:12:39,601 - agent_incident_response_agent - INFO - info:109 - Agent Incident Response Agent initialized successfully
2025-07-06 03:12:39,602 - agent_incident_response_agent - INFO - info:109 - Incident Response Agent initialized
2025-07-06 03:12:39,609 - agent_osint_agent - INFO - info:109 - Agent OSINT Agent initialized successfully
2025-07-06 03:12:39,617 - agent_malware_analysis_agent - INFO - info:109 - Agent Malware Analysis Agent initialized successfully
2025-07-06 03:12:39,625 - agent_network_security_agent - INFO - info:109 - Agent Network Security Agent initialized successfully
2025-07-06 03:12:39,634 - agent_compliance_agent - INFO - info:109 - Agent Compliance Agent initialized successfully
2025-07-06 03:12:39,641 - agent_forensics_agent - INFO - info:109 - Agent Forensics Agent initialized successfully
2025-07-06 03:12:39,642 - agent_coordinator - INFO - info:109 - Starting autonomous monitoring for Coordinator
2025-07-06 03:12:39,643 - agent_threat_intelligence_agent - INFO - info:109 - Starting autonomous monitoring for Threat Intelligence Agent
2025-07-06 03:12:39,645 - agent_vulnerability_scanner_agent - INFO - info:109 - Starting autonomous monitoring for Vulnerability Scanner Agent
2025-07-06 03:12:39,647 - agent_penetration_testing_agent - INFO - info:109 - Starting autonomous monitoring for Penetration Testing Agent
2025-07-06 03:12:39,647 - agent_incident_response_agent - INFO - info:109 - Starting autonomous monitoring for Incident Response Agent
2025-07-06 03:12:39,649 - agent_osint_agent - INFO - info:109 - Starting autonomous monitoring for OSINT Agent
2025-07-06 03:12:39,650 - agent_malware_analysis_agent - INFO - info:109 - Starting autonomous monitoring for Malware Analysis Agent
2025-07-06 03:12:39,652 - agent_network_security_agent - INFO - info:109 - Starting autonomous monitoring for Network Security Agent
2025-07-06 03:12:39,654 - agent_compliance_agent - INFO - info:109 - Starting autonomous monitoring for Compliance Agent
2025-07-06 03:12:39,656 - agent_forensics_agent - INFO - info:109 - Starting autonomous monitoring for Forensics Agent
2025-07-06 03:12:39,657 - intratech_cybersecurity - INFO - info:109 - Initialized 10 cybersecurity agents
